{
  "RSpec": {
    "coverage": {
      "/home/hsher/Projects/UberGo/app/channels/application_cable/channel.rb": [
        0,
        0,
        0,
        0
      ],
      "/home/hsher/Projects/UberGo/app/channels/application_cable/connection.rb": [
        0,
        0,
        0,
        0
      ],
      "/home/hsher/Projects/UberGo/app/jobs/application_job.rb": [
        0,
        0
      ],
      "/home/hsher/Projects/UberGo/app/helpers/application_helper.rb": [
        0,
        0
      ],
      "/home/hsher/Projects/UberGo/app/controllers/styleguides_controller.rb": [
        0,
        0,
        null,
        0,
        null,
        null,
        0,
        0
      ],
      "/home/hsher/Projects/UberGo/app/controllers/application_controller.rb": [
        0,
        0,
        0
      ],
      "/home/hsher/Projects/UberGo/app/controllers/dashboards_controller.rb": [
        0,
        0,
        null,
        0,
        null,
        null,
        0,
        0
      ],
      "/home/hsher/Projects/UberGo/app/mailers/application_mailer.rb": [
        0,
        0,
        0,
        0
      ],
      "/home/hsher/Projects/UberGo/app/models/application_record.rb": [
        0,
        0,
        0
      ]
    },
    "timestamp": 1518192001
  }
}
